admin/android/app/build/intermediates/manifest_merge_blame_file/debug/processDebugMainManifest/manifest-merger-blame-debug-report.txt
1<?xml version="1.0" encoding="utf-8"?>
2<manifest xmlns:android="http://schemas.android.com/apk/res/android"
3    package="com.dewan.admin"
4    android:versionCode="1"
5    android:versionName="1.0" >
6
7    <uses-sdk
8        android:minSdkVersion="24"
9        android:targetSdkVersion="36" />
10
11    <!-- Permissions -->
12
13    <uses-permission android:name="android.permission.INTERNET" />
13-->src\main\AndroidManifest.xml:41:5-67
13-->src\main\AndroidManifest.xml:41:22-64
14    <uses-permission android:name="android.permission.WAKE_LOCK" />
14-->src\main\AndroidManifest.xml:42:5-68
14-->src\main\AndroidManifest.xml:42:22-65
15    <uses-permission android:name="android.permission.VIBRATE" />
15-->src\main\AndroidManifest.xml:43:5-66
15-->src\main\AndroidManifest.xml:43:22-63
16    <uses-permission android:name="android.permission.FOREGROUND_SERVICE" />
16-->src\main\AndroidManifest.xml:44:5-77
16-->src\main\AndroidManifest.xml:44:22-74
17    <uses-permission android:name="android.permission.POST_NOTIFICATIONS" />
17-->src\main\AndroidManifest.xml:45:5-77
17-->src\main\AndroidManifest.xml:45:22-74
18    <uses-permission android:name="android.permission.SCHEDULE_EXACT_ALARM" />
18-->src\main\AndroidManifest.xml:46:5-79
18-->src\main\AndroidManifest.xml:46:22-76
19    <uses-permission android:name="android.permission.USE_EXACT_ALARM" />
19-->src\main\AndroidManifest.xml:47:5-74
19-->src\main\AndroidManifest.xml:47:22-71
20    <uses-permission android:name="android.permission.RECEIVE_BOOT_COMPLETED" />
20-->[:capacitor-local-notifications] AndroidManifest.xml:7:5-81
20-->[:capacitor-local-notifications] AndroidManifest.xml:7:22-78
21
22    <permission
22-->[androidx.core:core:1.17.0] AndroidManifest.xml:22:5-24:47
23        android:name="com.dewan.admin.DYNAMIC_RECEIVER_NOT_EXPORTED_PERMISSION"
23-->[androidx.core:core:1.17.0] AndroidManifest.xml:23:9-81
24        android:protectionLevel="signature" />
24-->[androidx.core:core:1.17.0] AndroidManifest.xml:24:9-44
25
26    <uses-permission android:name="com.dewan.admin.DYNAMIC_RECEIVER_NOT_EXPORTED_PERMISSION" />
26-->[androidx.core:core:1.17.0] AndroidManifest.xml:26:5-97
26-->[androidx.core:core:1.17.0] AndroidManifest.xml:26:22-94
27
28    <application
28-->src\main\AndroidManifest.xml:4:5-37:19
29        android:allowBackup="true"
29-->src\main\AndroidManifest.xml:5:9-35
30        android:appComponentFactory="androidx.core.app.CoreComponentFactory"
30-->[androidx.core:core:1.17.0] AndroidManifest.xml:28:18-86
31        android:debuggable="true"
32        android:extractNativeLibs="false"
33        android:icon="@mipmap/ic_launcher"
33-->src\main\AndroidManifest.xml:6:9-43
34        android:label="@string/app_name"
34-->src\main\AndroidManifest.xml:7:9-41
35        android:roundIcon="@mipmap/ic_launcher_round"
35-->src\main\AndroidManifest.xml:8:9-54
36        android:supportsRtl="true"
36-->src\main\AndroidManifest.xml:9:9-35
37        android:theme="@style/AppTheme"
37-->src\main\AndroidManifest.xml:11:9-40
38        android:usesCleartextTraffic="true" >
38-->src\main\AndroidManifest.xml:10:9-44
39        <activity
39-->src\main\AndroidManifest.xml:13:9-26:20
40            android:name="com.dewan.admin.MainActivity"
40-->src\main\AndroidManifest.xml:15:13-41
41            android:configChanges="orientation|keyboardHidden|keyboard|screenSize|locale|smallestScreenSize|screenLayout|uiMode|navigation|density"
41-->src\main\AndroidManifest.xml:14:13-148
42            android:exported="true"
42-->src\main\AndroidManifest.xml:19:13-36
43            android:label="@string/title_activity_main"
43-->src\main\AndroidManifest.xml:16:13-56
44            android:launchMode="singleTask"
44-->src\main\AndroidManifest.xml:18:13-44
45            android:theme="@style/AppTheme.NoActionBarLaunch" >
45-->src\main\AndroidManifest.xml:17:13-62
46            <intent-filter>
46-->src\main\AndroidManifest.xml:21:13-24:29
47                <action android:name="android.intent.action.MAIN" />
47-->src\main\AndroidManifest.xml:22:17-69
47-->src\main\AndroidManifest.xml:22:25-66
48
49                <category android:name="android.intent.category.LAUNCHER" />
49-->src\main\AndroidManifest.xml:23:17-77
49-->src\main\AndroidManifest.xml:23:27-74
50            </intent-filter>
51        </activity>
52
53        <provider
54            android:name="androidx.core.content.FileProvider"
54-->src\main\AndroidManifest.xml:29:13-62
55            android:authorities="com.dewan.admin.fileprovider"
55-->src\main\AndroidManifest.xml:30:13-64
56            android:exported="false"
56-->src\main\AndroidManifest.xml:31:13-37
57            android:grantUriPermissions="true" >
57-->src\main\AndroidManifest.xml:32:13-47
58            <meta-data
58-->src\main\AndroidManifest.xml:33:13-35:64
59                android:name="android.support.FILE_PROVIDER_PATHS"
59-->src\main\AndroidManifest.xml:34:17-67
60                android:resource="@xml/file_paths" />
60-->src\main\AndroidManifest.xml:35:17-51
61        </provider>
62
63        <receiver android:name="com.capacitorjs.plugins.localnotifications.TimedNotificationPublisher" />
63-->[:capacitor-local-notifications] AndroidManifest.xml:12:9-106
63-->[:capacitor-local-notifications] AndroidManifest.xml:12:19-103
64        <receiver android:name="com.capacitorjs.plugins.localnotifications.NotificationDismissReceiver" />
64-->[:capacitor-local-notifications] AndroidManifest.xml:13:9-107
64-->[:capacitor-local-notifications] AndroidManifest.xml:13:19-104
65        <receiver
65-->[:capacitor-local-notifications] AndroidManifest.xml:14:9-23:20
66            android:name="com.capacitorjs.plugins.localnotifications.LocalNotificationRestoreReceiver"
66-->[:capacitor-local-notifications] AndroidManifest.xml:15:13-103
67            android:directBootAware="true"
67-->[:capacitor-local-notifications] AndroidManifest.xml:16:13-43
68            android:exported="false" >
68-->[:capacitor-local-notifications] AndroidManifest.xml:17:13-37
69            <intent-filter>
69-->[:capacitor-local-notifications] AndroidManifest.xml:18:13-22:29
70                <action android:name="android.intent.action.LOCKED_BOOT_COMPLETED" />
70-->[:capacitor-local-notifications] AndroidManifest.xml:19:17-86
70-->[:capacitor-local-notifications] AndroidManifest.xml:19:25-83
71                <action android:name="android.intent.action.BOOT_COMPLETED" />
71-->[:capacitor-local-notifications] AndroidManifest.xml:20:17-79
71-->[:capacitor-local-notifications] AndroidManifest.xml:20:25-76
72                <action android:name="android.intent.action.QUICKBOOT_POWERON" />
72-->[:capacitor-local-notifications] AndroidManifest.xml:21:17-82
72-->[:capacitor-local-notifications] AndroidManifest.xml:21:25-79
73            </intent-filter>
74        </receiver>
75
76        <provider
76-->[androidx.emoji2:emoji2:1.3.0] AndroidManifest.xml:24:9-32:20
77            android:name="androidx.startup.InitializationProvider"
77-->[androidx.emoji2:emoji2:1.3.0] AndroidManifest.xml:25:13-67
78            android:authorities="com.dewan.admin.androidx-startup"
78-->[androidx.emoji2:emoji2:1.3.0] AndroidManifest.xml:26:13-68
79            android:exported="false" >
79-->[androidx.emoji2:emoji2:1.3.0] AndroidManifest.xml:27:13-37
80            <meta-data
80-->[androidx.emoji2:emoji2:1.3.0] AndroidManifest.xml:29:13-31:52
81                android:name="androidx.emoji2.text.EmojiCompatInitializer"
81-->[androidx.emoji2:emoji2:1.3.0] AndroidManifest.xml:30:17-75
82                android:value="androidx.startup" />
82-->[androidx.emoji2:emoji2:1.3.0] AndroidManifest.xml:31:17-49
83            <meta-data
83-->[androidx.lifecycle:lifecycle-process:2.6.2] AndroidManifest.xml:29:13-31:52
84                android:name="androidx.lifecycle.ProcessLifecycleInitializer"
84-->[androidx.lifecycle:lifecycle-process:2.6.2] AndroidManifest.xml:30:17-78
85                android:value="androidx.startup" />
85-->[androidx.lifecycle:lifecycle-process:2.6.2] AndroidManifest.xml:31:17-49
86            <meta-data
86-->[androidx.profileinstaller:profileinstaller:1.4.0] AndroidManifest.xml:29:13-31:52
87                android:name="androidx.profileinstaller.ProfileInstallerInitializer"
87-->[androidx.profileinstaller:profileinstaller:1.4.0] AndroidManifest.xml:30:17-85
88                android:value="androidx.startup" />
88-->[androidx.profileinstaller:profileinstaller:1.4.0] AndroidManifest.xml:31:17-49
89        </provider>
90
91        <receiver
91-->[androidx.profileinstaller:profileinstaller:1.4.0] AndroidManifest.xml:34:9-52:20
92            android:name="androidx.profileinstaller.ProfileInstallReceiver"
92-->[androidx.profileinstaller:profileinstaller:1.4.0] AndroidManifest.xml:35:13-76
93            android:directBootAware="false"
93-->[androidx.profileinstaller:profileinstaller:1.4.0] AndroidManifest.xml:36:13-44
94            android:enabled="true"
94-->[androidx.profileinstaller:profileinstaller:1.4.0] AndroidManifest.xml:37:13-35
95            android:exported="true"
95-->[androidx.profileinstaller:profileinstaller:1.4.0] AndroidManifest.xml:38:13-36
96            android:permission="android.permission.DUMP" >
96-->[androidx.profileinstaller:profileinstaller:1.4.0] AndroidManifest.xml:39:13-57
97            <intent-filter>
97-->[androidx.profileinstaller:profileinstaller:1.4.0] AndroidManifest.xml:40:13-42:29
98                <action android:name="androidx.profileinstaller.action.INSTALL_PROFILE" />
98-->[androidx.profileinstaller:profileinstaller:1.4.0] AndroidManifest.xml:41:17-91
98-->[androidx.profileinstaller:profileinstaller:1.4.0] AndroidManifest.xml:41:25-88
99            </intent-filter>
100            <intent-filter>
100-->[androidx.profileinstaller:profileinstaller:1.4.0] AndroidManifest.xml:43:13-45:29
101                <action android:name="androidx.profileinstaller.action.SKIP_FILE" />
101-->[androidx.profileinstaller:profileinstaller:1.4.0] AndroidManifest.xml:44:17-85
101-->[androidx.profileinstaller:profileinstaller:1.4.0] AndroidManifest.xml:44:25-82
102            </intent-filter>
103            <intent-filter>
103-->[androidx.profileinstaller:profileinstaller:1.4.0] AndroidManifest.xml:46:13-48:29
104                <action android:name="androidx.profileinstaller.action.SAVE_PROFILE" />
104-->[androidx.profileinstaller:profileinstaller:1.4.0] AndroidManifest.xml:47:17-88
104-->[androidx.profileinstaller:profileinstaller:1.4.0] AndroidManifest.xml:47:25-85
105            </intent-filter>
106            <intent-filter>
106-->[androidx.profileinstaller:profileinstaller:1.4.0] AndroidManifest.xml:49:13-51:29
107                <action android:name="androidx.profileinstaller.action.BENCHMARK_OPERATION" />
107-->[androidx.profileinstaller:profileinstaller:1.4.0] AndroidManifest.xml:50:17-95
107-->[androidx.profileinstaller:profileinstaller:1.4.0] AndroidManifest.xml:50:25-92
108            </intent-filter>
109        </receiver>
110    </application>
111
112</manifest>